<?xml version="1.0" encoding="UTF-8"?>
<!-- Generated by org.testng.reporters.JUnitReportReporter -->
<testsuite hostname="Mitu" failures="0" tests="3" name="testCases.TestNGdemos2" time="21.897" errors="0" timestamp="2024-03-23T11:21:38 PDT" skipped="0">
  <testcase classname="testCases.TestNGdemos2" name="abc" time="7.308"/>
  <testcase classname="testCases.TestNGdemos2" name="test1" time="7.272"/>
  <testcase classname="testCases.TestNGdemos2" name="test" time="7.317"/>
</testsuite> <!-- testCases.TestNGdemos2 -->
