<?xml version="1.0" encoding="UTF-8"?>
<!-- Generated by org.testng.reporters.JUnitReportReporter -->
<testsuite hostname="Mitu" failures="0" tests="3" name="testCases.TestNGdemos" time="15.477" errors="0" timestamp="2024-03-23T11:24:27 PDT" skipped="1">
  <testcase classname="testCases.TestNGdemos" name="abc" time="7.997"/>
  <testcase classname="testCases.TestNGdemos" name="test1" time="7.480"/>
  <testcase classname="testCases.TestNGdemos" name="test">
    <skipped/>
  </testcase> <!-- test -->
</testsuite> <!-- testCases.TestNGdemos -->
