<?xml version="1.0" encoding="UTF-8"?>
<!-- Generated by org.testng.reporters.JUnitReportReporter -->
<testsuite hostname="Mitu" failures="0" tests="1" name="testCases.MiniFrameWorkLoginTestCase" time="0.192" errors="0" timestamp="2024-03-23T11:59:20 PDT" skipped="0">
  <testcase classname="testCases.MiniFrameWorkLoginTestCase" name="login" time="0.192"/>
</testsuite> <!-- testCases.MiniFrameWorkLoginTestCase -->
