<?xml version="1.0" encoding="UTF-8"?>
<!-- Generated by org.testng.reporters.JUnitReportReporter -->
<testsuite hostname="Mitu" failures="0" tests="1" name="testCases.LoginTestCase" time="0.217" errors="0" timestamp="2024-03-08T15:27:16 PST" skipped="0">
  <testcase classname="testCases.LoginTestCase" name="login" time="0.217"/>
</testsuite> <!-- testCases.LoginTestCase -->
